<persistence xmlns:xsi="http://www.w3.org/2001/XMLSchema-instance"
  xsi:schemaLocation="http://java.sun.com/xml/ns/persistence http://java.sun.com/xml/ns/persistence/persistence_2_0.xsd"
  version="2.0" xmlns="http://java.sun.com/xml/ns/persistence">
  <persistence-unit name="academi-co-tests" transaction-type="JTA">

  	<provider>org.hibernate.ejb.HibernatePersistence</provider>

    <jta-data-source>java:/academi-co-tests</jta-data-source>

	<!-- Included classes -->
  	<class>dom.content.ConcreteComment</class>
  	<class>dom.documentsManager.ConcreteDocument</class>
  	<class>dom.inbox.ConcreteInbox</class>
  	<class>dom.tags.ConcreteMainTag</class>
  	<class>dom.inbox.ConcreteNotification</class>
  	<class>dom.content.ConcretePost</class>
  	<class>dom.content.ConcreteQuestionThread</class>
  	<class>dom.tags.ConcreteSecondaryTag</class>
  	<class>dom.tags.ConcreteTag</class>
  	<class>dom.content.ConcreteUser</class>
  	<class>dom.moderatorsManager.ConcreteModeratorPromotionRequest</class>
  	<class>dom.documentsManager.AdvertisementPointer</class>
  	<class>dom.documentsManager.ConcreteAdvertisement</class>

    <properties>
		<property name="hibernate.dialect" value="org.hibernate.dialect.H2Dialect" />
		<property name="hibernate.hbm2ddl.auto" value="create-drop" />
		<property name="hibernate.show_sql" value="false" />
		
		<!-- Hibernate-search properties -->
		<property name="jboss.as.jpa.providerModule" value="org.hibernate:main"/>
		<property name="wildfly.jpa.hibernate.search.module" value="org.hibernate.search.orm:main"/>
		<property name="hibernate.search.default.directory_provider" value="ram"/>
    </properties>

  </persistence-unit>
</persistence>
